2023-08-31 14:34:50.19 I           Load 0190 [M] [MONGOSVC] read /Users/kqwang/development/gowork/src/github.com/892294101/mongosvc/build/conf/svc.conf configuration file content
2023-08-31 14:34:50.19 I     regKeyLibs 0178 [M] [MONGOSVC] Registered 4 keywords
2023-08-31 14:34:50.19 I      InitMongo 0045 [M] [MONGOSVC] open Database Connection: mongodb://10.130.41.95:30000
2023-08-31 14:34:50.21 I          build 0018 [M] [MONGOSVC] start building database collection indexes
2023-08-31 14:34:50.21 I        GetInds 0325 [M] [MONGOSVC] read index building parameter data
2023-08-31 14:34:50.21 I      CreateInd 0446 [M] [MONGOSVC] start creating collection index
2023-08-31 14:34:50.21 I  getCollExists 0280 [M] [MONGOSVC] load database zqtestdb01 name list to cache from database
2023-08-31 14:34:50.22 I  getCollExists 0287 [M] [MONGOSVC] load a total of 8 database "zqtestdb01" table names
2023-08-31 14:34:50.22 I      checkInds 0310 [M] [MONGOSVC] check if there are indexes in the collection "zqtestdb01"."test01"
2023-08-31 14:34:50.22 W        indexVS 0372 [M] [MONGOSVC] index { "name": 1, "address": 1} already exists in the collection. exists index: { "name": 1, "address": 1}
2023-08-31 14:34:50.22 E      CreateInd 0461 [M] [MONGOSVC] all new indexes exist in the "zqtestdb01"."test01" collection and do not need to be created
2023-08-31 14:34:50.22 I  getCollExists 0280 [M] [MONGOSVC] load database zqtestdb101 name list to cache from database
2023-08-31 14:34:50.23 I  getCollExists 0287 [M] [MONGOSVC] load a total of 0 database "zqtestdb101" table names
2023-08-31 14:34:50.23 W      CreateInd 0450 [M] [MONGOSVC] skip index create due database "zqtestdb101" does not exist or there are no tables under the database
2023-08-31 14:34:50.23 I  getCollExists 0280 [M] [MONGOSVC] load database zqtestdb201 name list to cache from database
2023-08-31 14:34:50.23 I  getCollExists 0287 [M] [MONGOSVC] load a total of 0 database "zqtestdb201" table names
2023-08-31 14:34:50.23 W      CreateInd 0450 [M] [MONGOSVC] skip index create due database "zqtestdb201" does not exist or there are no tables under the database
2023-08-31 14:34:50.23 I  getCollExists 0280 [M] [MONGOSVC] load database zqtestdb301 name list to cache from database
2023-08-31 14:34:50.24 I  getCollExists 0287 [M] [MONGOSVC] load a total of 0 database "zqtestdb301" table names
2023-08-31 14:34:50.24 W      CreateInd 0450 [M] [MONGOSVC] skip index create due database "zqtestdb301" does not exist or there are no tables under the database
2023-08-31 14:34:50.24 I      CreateInd 0496 [M] [MONGOSVC] create collection index end
2023-08-31 14:34:50.24 I          build 0026 [M] [MONGOSVC] start building database collection sharding
2023-08-31 14:34:50.24 I      GetShared 0336 [M] [MONGOSVC] read shared building parameter data
2023-08-31 14:34:50.24 I         Shared 0196 [M] [MONGOSVC] starting sharding for collection
2023-08-31 14:34:50.24 I        CheckDB 0186 [M] [MONGOSVC] check "zqtestdb01" database has shard state
2023-08-31 14:34:50.25 I CheckDBIsShard 0087 [M] [MONGOSVC] database "zqtestdb01" sharding state: true
2023-08-31 14:34:50.25 I CheckDBIsShard 0091 [M] [MONGOSVC] database "zqtestdb01" has been sharded and added to the whitelist
2023-08-31 14:34:50.25 I CheckCollShard 0131 [M] [MONGOSVC] check the collection "zqtestdb01"."test01" sharding status
2023-08-31 14:34:50.25 W         Shared 0205 [M] [MONGOSVC] collection "zqtestdb01"."test01" already sharded. sharding key: {"address":1,"name":1}
2023-08-31 14:34:50.25 I        CheckDB 0186 [M] [MONGOSVC] check "zqtestdb101" database has shard state
2023-08-31 14:34:50.26 W        CheckDB 0189 [M] [MONGOSVC] database "zqtestdb101" does not exist added to the blacklist
2023-08-31 14:34:50.26 I        CheckDB 0186 [M] [MONGOSVC] check "zqtestdb201" database has shard state
2023-08-31 14:34:50.26 W        CheckDB 0189 [M] [MONGOSVC] database "zqtestdb201" does not exist added to the blacklist
2023-08-31 14:34:50.26 I        CheckDB 0186 [M] [MONGOSVC] check "zqtestdb301" database has shard state
2023-08-31 14:34:50.27 W        CheckDB 0189 [M] [MONGOSVC] database "zqtestdb301" does not exist added to the blacklist
2023-08-31 14:34:50.27 I         Shared 0252 [M] [MONGOSVC] collection sharding has ended
2023-08-31 14:34:50.27 I          Close 0501 [M] [MONGOSVC] close mongo connect
2023-08-31 16:22:16.55 I           Load 0190 [M] [MONGOSVC] read /Users/kqwang/development/gowork/src/github.com/892294101/mongosvc/build/conf/svc.conf configuration file content
2023-08-31 16:22:16.55 I     regKeyLibs 0178 [M] [MONGOSVC] Registered 4 keywords
2023-08-31 16:22:16.55 I      InitMongo 0045 [M] [MONGOSVC] open Database Connection: mongodb://10.130.41.95:30000
2023-08-31 16:22:16.61 I          build 0018 [M] [MONGOSVC] start building database collection indexes
2023-08-31 16:22:16.61 I        GetInds 0325 [M] [MONGOSVC] read index building parameter data
2023-08-31 16:22:16.61 I      CreateInd 0446 [M] [MONGOSVC] start creating collection index
2023-08-31 16:22:16.61 I  getCollExists 0280 [M] [MONGOSVC] load database zqtestdb01 name list to cache from database
2023-08-31 16:22:16.62 I  getCollExists 0287 [M] [MONGOSVC] load a total of 8 database "zqtestdb01" table names
2023-08-31 16:22:16.62 I      checkInds 0310 [M] [MONGOSVC] check if there are indexes in the collection "zqtestdb01"."test01"
2023-08-31 16:22:16.63 W        indexVS 0372 [M] [MONGOSVC] index { "name": 1, "address": 1} already exists in the collection. exists index: { "name": 1, "address": 1}
2023-08-31 16:22:16.63 E      CreateInd 0461 [M] [MONGOSVC] all new indexes exist in the "zqtestdb01"."test01" collection and do not need to be created
2023-08-31 16:22:16.63 I      CreateInd 0496 [M] [MONGOSVC] create collection index end
2023-08-31 16:22:16.63 I          build 0026 [M] [MONGOSVC] start building database collection sharding
2023-08-31 16:22:16.63 I      GetShared 0336 [M] [MONGOSVC] read shared building parameter data
2023-08-31 16:22:16.63 E          build 0029 [M] [MONGOSVC] unable to find shard parameter
2023-08-31 16:22:16.63 I          Close 0501 [M] [MONGOSVC] close mongo connect
2023-08-31 16:22:45.03 I           Load 0190 [M] [MONGOSVC] read /Users/kqwang/development/gowork/src/github.com/892294101/mongosvc/build/conf/svc.conf configuration file content
2023-08-31 16:22:45.03 I     regKeyLibs 0178 [M] [MONGOSVC] Registered 4 keywords
2023-08-31 16:22:45.03 I      InitMongo 0045 [M] [MONGOSVC] open Database Connection: mongodb://10.130.41.95:30000
2023-08-31 16:22:46.07 I          build 0018 [M] [MONGOSVC] start building database collection indexes
2023-08-31 16:22:46.07 I        GetInds 0325 [M] [MONGOSVC] read index building parameter data
2023-08-31 16:22:46.07 I      CreateInd 0446 [M] [MONGOSVC] start creating collection index
2023-08-31 16:22:46.07 I  getCollExists 0280 [M] [MONGOSVC] load database zqtestdb01 name list to cache from database
2023-08-31 16:22:46.08 I  getCollExists 0287 [M] [MONGOSVC] load a total of 8 database "zqtestdb01" table names
2023-08-31 16:22:46.08 I      checkInds 0310 [M] [MONGOSVC] check if there are indexes in the collection "zqtestdb01"."test01"
2023-08-31 16:22:46.09 I      CreateInd 0465 [M] [MONGOSVC] prepare the "zqtestdb01"."test01" index structure: [[[{name 1} {address 1}]]]
2023-08-31 16:22:46.27 I      CreateInd 0488 [M] [MONGOSVC] successfully created index the "zqtestdb01"."test01". index name is: name_1_address_1
2023-08-31 16:22:46.27 I  getCollExists 0280 [M] [MONGOSVC] load database zqtestdb101 name list to cache from database
2023-08-31 16:22:46.28 I  getCollExists 0287 [M] [MONGOSVC] load a total of 0 database "zqtestdb101" table names
2023-08-31 16:22:46.28 W      CreateInd 0450 [M] [MONGOSVC] skip index create due database "zqtestdb101" does not exist or there are no tables under the database
2023-08-31 16:22:46.28 I  getCollExists 0280 [M] [MONGOSVC] load database zqtestdb201 name list to cache from database
2023-08-31 16:22:46.29 I  getCollExists 0287 [M] [MONGOSVC] load a total of 0 database "zqtestdb201" table names
2023-08-31 16:22:46.29 W      CreateInd 0450 [M] [MONGOSVC] skip index create due database "zqtestdb201" does not exist or there are no tables under the database
2023-08-31 16:22:46.29 I  getCollExists 0280 [M] [MONGOSVC] load database zqtestdb301 name list to cache from database
2023-08-31 16:22:46.30 I  getCollExists 0287 [M] [MONGOSVC] load a total of 0 database "zqtestdb301" table names
2023-08-31 16:22:46.30 W      CreateInd 0450 [M] [MONGOSVC] skip index create due database "zqtestdb301" does not exist or there are no tables under the database
2023-08-31 16:22:46.30 I      CreateInd 0496 [M] [MONGOSVC] create collection index end
2023-08-31 16:22:46.30 I          build 0026 [M] [MONGOSVC] start building database collection sharding
2023-08-31 16:22:46.30 I      GetShared 0336 [M] [MONGOSVC] read shared building parameter data
2023-08-31 16:22:46.30 E          build 0029 [M] [MONGOSVC] unable to find shard parameter
2023-08-31 16:22:46.30 I          Close 0501 [M] [MONGOSVC] close mongo connect
2023-08-31 17:20:29.40 I           Load 0190 [M] [MONGOSVC] read /Users/kqwang/development/gowork/src/github.com/892294101/mongosvc/build/conf/svc.conf configuration file content
2023-08-31 17:20:29.40 I     regKeyLibs 0178 [M] [MONGOSVC] Registered 4 keywords
2023-08-31 17:20:29.40 I      InitMongo 0045 [M] [MONGOSVC] open Database Connection: mongodb://10.130.41.95:30000
2023-08-31 17:20:29.45 I          build 0018 [M] [MONGOSVC] start building database collection indexes
2023-08-31 17:20:29.45 I        GetInds 0325 [M] [MONGOSVC] read index building parameter data
2023-08-31 17:20:29.45 I      CreateInd 0446 [M] [MONGOSVC] start creating collection index
2023-08-31 17:20:29.45 I  getCollExists 0280 [M] [MONGOSVC] load database zqtestdb01 name list to cache from database
2023-08-31 17:20:29.46 I  getCollExists 0287 [M] [MONGOSVC] load a total of 8 database "zqtestdb01" table names
2023-08-31 17:20:29.46 I      checkInds 0310 [M] [MONGOSVC] check if there are indexes in the collection "zqtestdb01"."test01"
2023-08-31 17:20:29.47 W        indexVS 0372 [M] [MONGOSVC] index { "name": 1, "address": 1} already exists in the collection. exists index: { "name": 1, "address": 1}
2023-08-31 17:20:29.47 E      CreateInd 0461 [M] [MONGOSVC] all new indexes exist in the "zqtestdb01"."test01" collection and do not need to be created
2023-08-31 17:20:29.47 I  getCollExists 0280 [M] [MONGOSVC] load database zqtestdb101 name list to cache from database
2023-08-31 17:20:29.48 I  getCollExists 0287 [M] [MONGOSVC] load a total of 0 database "zqtestdb101" table names
2023-08-31 17:20:29.48 W      CreateInd 0450 [M] [MONGOSVC] skip index create due database "zqtestdb101" does not exist or there are no tables under the database
2023-08-31 17:20:29.48 I  getCollExists 0280 [M] [MONGOSVC] load database zqtestdb201 name list to cache from database
2023-08-31 17:20:29.49 I  getCollExists 0287 [M] [MONGOSVC] load a total of 0 database "zqtestdb201" table names
2023-08-31 17:20:29.49 W      CreateInd 0450 [M] [MONGOSVC] skip index create due database "zqtestdb201" does not exist or there are no tables under the database
2023-08-31 17:20:29.49 I  getCollExists 0280 [M] [MONGOSVC] load database zqtestdb301 name list to cache from database
2023-08-31 17:20:29.49 I  getCollExists 0287 [M] [MONGOSVC] load a total of 0 database "zqtestdb301" table names
2023-08-31 17:20:29.49 W      CreateInd 0450 [M] [MONGOSVC] skip index create due database "zqtestdb301" does not exist or there are no tables under the database
2023-08-31 17:20:29.49 I      CreateInd 0496 [M] [MONGOSVC] create collection index end
2023-08-31 17:20:29.49 I          build 0026 [M] [MONGOSVC] start building database collection sharding
2023-08-31 17:20:29.49 I      GetShared 0336 [M] [MONGOSVC] read shared building parameter data
2023-08-31 17:20:29.49 I         Shared 0196 [M] [MONGOSVC] starting sharding for collection
2023-08-31 17:20:29.49 I        CheckDB 0186 [M] [MONGOSVC] check "zqtestdb01" database has shard state
2023-08-31 17:20:29.50 I CheckDBIsShard 0087 [M] [MONGOSVC] database "zqtestdb01" sharding state: true
2023-08-31 17:20:29.50 I CheckDBIsShard 0091 [M] [MONGOSVC] database "zqtestdb01" has been sharded and added to the whitelist
2023-08-31 17:20:29.50 I CheckCollShard 0131 [M] [MONGOSVC] check the collection "zqtestdb01"."test01" sharding status
2023-08-31 17:20:29.51 W         Shared 0205 [M] [MONGOSVC] collection "zqtestdb01"."test01" already sharded. sharding key: {"address":1,"name":1}
2023-08-31 17:20:29.51 I        CheckDB 0186 [M] [MONGOSVC] check "zqtestdb101" database has shard state
2023-08-31 17:20:29.52 W        CheckDB 0189 [M] [MONGOSVC] database "zqtestdb101" does not exist added to the blacklist
2023-08-31 17:20:29.52 I        CheckDB 0186 [M] [MONGOSVC] check "zqtestdb201" database has shard state
2023-08-31 17:20:29.53 W        CheckDB 0189 [M] [MONGOSVC] database "zqtestdb201" does not exist added to the blacklist
2023-08-31 17:20:29.53 I        CheckDB 0186 [M] [MONGOSVC] check "zqtestdb301" database has shard state
2023-08-31 17:20:29.54 W        CheckDB 0189 [M] [MONGOSVC] database "zqtestdb301" does not exist added to the blacklist
2023-08-31 17:20:29.54 I         Shared 0252 [M] [MONGOSVC] collection sharding has ended
2023-08-31 17:20:29.54 I          Close 0501 [M] [MONGOSVC] close mongo connect
